2018-07-26 13:27:06 7244 [Note] Plugin 'FEDERATED' is disabled.
2018-07-26 13:27:06 7244 [Note] InnoDB: The InnoDB memory heap is disabled
2018-07-26 13:27:06 7244 [Note] InnoDB: Mutexes and rw_locks use Windows interlocked functions
2018-07-26 13:27:06 7244 [Note] InnoDB: Compressed tables use zlib 1.2.3
2018-07-26 13:27:06 7244 [Note] InnoDB: Not using CPU crc32 instructions
2018-07-26 13:27:06 7244 [Note] InnoDB: Initializing buffer pool, size = 128.0M
2018-07-26 13:27:06 7244 [Note] InnoDB: Completed initialization of buffer pool
2018-07-26 13:27:06 7244 [Note] InnoDB: Highest supported file format is Barracuda.
2018-07-26 13:27:06 7244 [Note] InnoDB: The log sequence numbers 1626134 and 1626134 in ibdata files do not match the log sequence number 1634318 in the ib_logfiles!
2018-07-26 13:27:06 7244 [Note] InnoDB: Database was not shutdown normally!
2018-07-26 13:27:06 7244 [Note] InnoDB: Starting crash recovery.
2018-07-26 13:27:06 7244 [Note] InnoDB: Reading tablespace information from the .ibd files...
2018-07-26 13:27:06 7244 [Note] InnoDB: Restoring possible half-written data pages 
2018-07-26 13:27:06 7244 [Note] InnoDB: from the doublewrite buffer...
2018-07-26 13:27:06 7244 [Note] InnoDB: 128 rollback segment(s) are active.
2018-07-26 13:27:06 7244 [Note] InnoDB: Waiting for purge to start
2018-07-26 13:27:06 7244 [Note] InnoDB: 5.6.13 started; log sequence number 1634318
2018-07-26 13:27:06 7244 [Note] Server hostname (bind-address): '*'; port: 3307
2018-07-26 13:27:06 7244 [Note] IPv6 is available.
2018-07-26 13:27:06 7244 [Note]   - '::' resolves to '::';
2018-07-26 13:27:06 7244 [Note] Server socket created on IP: '::'.
2018-07-26 13:40:09 11408 [Note] Plugin 'FEDERATED' is disabled.
2018-07-26 13:40:09 11408 [Note] InnoDB: The InnoDB memory heap is disabled
2018-07-26 13:40:09 11408 [Note] InnoDB: Mutexes and rw_locks use Windows interlocked functions
2018-07-26 13:40:09 11408 [Note] InnoDB: Compressed tables use zlib 1.2.3
2018-07-26 13:40:09 11408 [Note] InnoDB: Not using CPU crc32 instructions
2018-07-26 13:40:09 11408 [Note] InnoDB: Initializing buffer pool, size = 128.0M
2018-07-26 13:40:09 11408 [Note] InnoDB: Completed initialization of buffer pool
2018-07-26 13:40:09 11408 [Note] InnoDB: Highest supported file format is Barracuda.
2018-07-26 13:40:09 11408 [Note] InnoDB: The log sequence numbers 1626134 and 1626134 in ibdata files do not match the log sequence number 1667095 in the ib_logfiles!
2018-07-26 13:40:09 11408 [Note] InnoDB: Database was not shutdown normally!
2018-07-26 13:40:09 11408 [Note] InnoDB: Starting crash recovery.
2018-07-26 13:40:09 11408 [Note] InnoDB: Reading tablespace information from the .ibd files...
2018-07-26 13:40:09 11408 [Note] InnoDB: Restoring possible half-written data pages 
2018-07-26 13:40:09 11408 [Note] InnoDB: from the doublewrite buffer...
2018-07-26 13:40:09 11408 [Note] InnoDB: 128 rollback segment(s) are active.
2018-07-26 13:40:09 11408 [Note] InnoDB: Waiting for purge to start
2018-07-26 13:40:09 11408 [Note] InnoDB: 5.6.13 started; log sequence number 1667095
2018-07-26 13:40:09 11408 [Note] Server hostname (bind-address): '*'; port: 3307
2018-07-26 13:40:09 11408 [Note] IPv6 is available.
2018-07-26 13:40:09 11408 [Note]   - '::' resolves to '::';
2018-07-26 13:40:09 11408 [Note] Server socket created on IP: '::'.
