2018-07-22 21:28:29 11828 [Note] Plugin 'FEDERATED' is disabled.
2018-07-22 21:28:29 11828 [Note] InnoDB: The InnoDB memory heap is disabled
2018-07-22 21:28:29 11828 [Note] InnoDB: Mutexes and rw_locks use Windows interlocked functions
2018-07-22 21:28:29 11828 [Note] InnoDB: Compressed tables use zlib 1.2.3
2018-07-22 21:28:29 11828 [Note] InnoDB: Not using CPU crc32 instructions
2018-07-22 21:28:29 11828 [Note] InnoDB: Initializing buffer pool, size = 128.0M
2018-07-22 21:28:30 11828 [Note] InnoDB: Completed initialization of buffer pool
2018-07-22 21:28:30 11828 [Note] InnoDB: Setting log file C:\Users\Rodrigo\Documents\USBWebserver v8.6\mysql\data\ib_logfile101 size to 5 MB
2018-07-22 21:28:30 11828 [Note] InnoDB: Setting log file C:\Users\Rodrigo\Documents\USBWebserver v8.6\mysql\data\ib_logfile1 size to 5 MB
2018-07-22 21:28:30 11828 [Note] InnoDB: Renaming log file C:\Users\Rodrigo\Documents\USBWebserver v8.6\mysql\data\ib_logfile101 to C:\Users\Rodrigo\Documents\USBWebserver v8.6\mysql\data\ib_logfile0
2018-07-22 21:28:30 11828 [Warning] InnoDB: New log files created, LSN=1626134
2018-07-22 21:28:30 11828 [Note] InnoDB: Highest supported file format is Barracuda.
2018-07-22 21:28:30 11828 [Note] InnoDB: 128 rollback segment(s) are active.
2018-07-22 21:28:30 11828 [Note] InnoDB: Waiting for purge to start
2018-07-22 21:28:31 11828 [Note] InnoDB: 5.6.13 started; log sequence number 1626636
2018-07-22 21:28:31 11828 [Warning] No existing UUID has been found, so we assume that this is the first time that this server has been started. Generating a new UUID: 5373f7d5-8e0f-11e8-bbdf-847bebe54c8b.
2018-07-22 21:28:31 11828 [Note] Server hostname (bind-address): '*'; port: 3307
2018-07-22 21:28:31 11828 [Note] IPv6 is available.
2018-07-22 21:28:31 11828 [Note]   - '::' resolves to '::';
2018-07-22 21:28:31 11828 [Note] Server socket created on IP: '::'.
2018-07-22 21:33:42 12264 [Note] Plugin 'FEDERATED' is disabled.
2018-07-22 21:33:42 12264 [Note] InnoDB: The InnoDB memory heap is disabled
2018-07-22 21:33:42 12264 [Note] InnoDB: Mutexes and rw_locks use Windows interlocked functions
2018-07-22 21:33:42 12264 [Note] InnoDB: Compressed tables use zlib 1.2.3
2018-07-22 21:33:42 12264 [Note] InnoDB: Not using CPU crc32 instructions
2018-07-22 21:33:42 12264 [Note] InnoDB: Initializing buffer pool, size = 128.0M
2018-07-22 21:33:42 12264 [Note] InnoDB: Completed initialization of buffer pool
2018-07-22 21:33:42 12264 [Note] InnoDB: Highest supported file format is Barracuda.
2018-07-22 21:33:42 12264 [Note] InnoDB: The log sequence numbers 1626134 and 1626134 in ibdata files do not match the log sequence number 1626646 in the ib_logfiles!
2018-07-22 21:33:42 12264 [Note] InnoDB: Database was not shutdown normally!
2018-07-22 21:33:42 12264 [Note] InnoDB: Starting crash recovery.
2018-07-22 21:33:42 12264 [Note] InnoDB: Reading tablespace information from the .ibd files...
2018-07-22 21:33:42 12264 [Note] InnoDB: Restoring possible half-written data pages 
2018-07-22 21:33:42 12264 [Note] InnoDB: from the doublewrite buffer...
2018-07-22 21:33:42 12264 [Note] InnoDB: 128 rollback segment(s) are active.
2018-07-22 21:33:42 12264 [Note] InnoDB: Waiting for purge to start
2018-07-22 21:33:42 12264 [Note] InnoDB: 5.6.13 started; log sequence number 1626646
2018-07-22 21:33:42 12264 [Note] Server hostname (bind-address): '*'; port: 3307
2018-07-22 21:33:42 12264 [Note] IPv6 is available.
2018-07-22 21:33:42 12264 [Note]   - '::' resolves to '::';
2018-07-22 21:33:42 12264 [Note] Server socket created on IP: '::'.
2018-07-22 21:35:42 12016 [Note] Plugin 'FEDERATED' is disabled.
2018-07-22 21:35:42 12016 [Note] InnoDB: The InnoDB memory heap is disabled
2018-07-22 21:35:42 12016 [Note] InnoDB: Mutexes and rw_locks use Windows interlocked functions
2018-07-22 21:35:42 12016 [Note] InnoDB: Compressed tables use zlib 1.2.3
2018-07-22 21:35:42 12016 [Note] InnoDB: Not using CPU crc32 instructions
2018-07-22 21:35:42 12016 [Note] InnoDB: Initializing buffer pool, size = 128.0M
2018-07-22 21:35:42 12016 [Note] InnoDB: Completed initialization of buffer pool
2018-07-22 21:35:42 12016 [Note] InnoDB: Highest supported file format is Barracuda.
2018-07-22 21:35:42 12016 [Note] InnoDB: The log sequence numbers 1626134 and 1626134 in ibdata files do not match the log sequence number 1626656 in the ib_logfiles!
2018-07-22 21:35:42 12016 [Note] InnoDB: Database was not shutdown normally!
2018-07-22 21:35:42 12016 [Note] InnoDB: Starting crash recovery.
2018-07-22 21:35:42 12016 [Note] InnoDB: Reading tablespace information from the .ibd files...
2018-07-22 21:35:43 12016 [Note] InnoDB: Restoring possible half-written data pages 
2018-07-22 21:35:43 12016 [Note] InnoDB: from the doublewrite buffer...
2018-07-22 21:35:43 12016 [Note] InnoDB: 128 rollback segment(s) are active.
2018-07-22 21:35:43 12016 [Note] InnoDB: Waiting for purge to start
2018-07-22 21:35:43 12016 [Note] InnoDB: 5.6.13 started; log sequence number 1626656
2018-07-22 21:35:43 12016 [Note] Server hostname (bind-address): '*'; port: 3307
2018-07-22 21:35:43 12016 [Note] IPv6 is available.
2018-07-22 21:35:43 12016 [Note]   - '::' resolves to '::';
2018-07-22 21:35:43 12016 [Note] Server socket created on IP: '::'.
2018-07-22 21:35:52 8832 [Note] Plugin 'FEDERATED' is disabled.
2018-07-22 21:35:52 8832 [Note] InnoDB: The InnoDB memory heap is disabled
2018-07-22 21:35:52 8832 [Note] InnoDB: Mutexes and rw_locks use Windows interlocked functions
2018-07-22 21:35:52 8832 [Note] InnoDB: Compressed tables use zlib 1.2.3
2018-07-22 21:35:52 8832 [Note] InnoDB: Not using CPU crc32 instructions
2018-07-22 21:35:52 8832 [Note] InnoDB: Initializing buffer pool, size = 128.0M
2018-07-22 21:35:52 8832 [Note] InnoDB: Completed initialization of buffer pool
2018-07-22 21:35:52 8832 [Note] InnoDB: Highest supported file format is Barracuda.
2018-07-22 21:35:52 8832 [Note] InnoDB: Log scan progressed past the checkpoint lsn 1626656
2018-07-22 21:35:52 8832 [Note] InnoDB: Database was not shutdown normally!
2018-07-22 21:35:52 8832 [Note] InnoDB: Starting crash recovery.
2018-07-22 21:35:52 8832 [Note] InnoDB: Reading tablespace information from the .ibd files...
2018-07-22 21:35:52 8832 [Note] InnoDB: Restoring possible half-written data pages 
2018-07-22 21:35:52 8832 [Note] InnoDB: from the doublewrite buffer...
InnoDB: Doing recovery: scanned up to log sequence number 1626666
2018-07-22 21:35:53 8832 [Note] InnoDB: 128 rollback segment(s) are active.
2018-07-22 21:35:53 8832 [Note] InnoDB: Waiting for purge to start
2018-07-22 21:35:53 8832 [Note] InnoDB: 5.6.13 started; log sequence number 1626666
2018-07-22 21:35:53 8832 [Note] Server hostname (bind-address): '*'; port: 3307
2018-07-22 21:35:53 8832 [Note] IPv6 is available.
2018-07-22 21:35:53 8832 [Note]   - '::' resolves to '::';
2018-07-22 21:35:53 8832 [Note] Server socket created on IP: '::'.
2018-07-22 23:12:09 5892 [Note] Plugin 'FEDERATED' is disabled.
2018-07-22 23:12:09 5892 [Note] InnoDB: The InnoDB memory heap is disabled
2018-07-22 23:12:09 5892 [Note] InnoDB: Mutexes and rw_locks use Windows interlocked functions
2018-07-22 23:12:09 5892 [Note] InnoDB: Compressed tables use zlib 1.2.3
2018-07-22 23:12:09 5892 [Note] InnoDB: Not using CPU crc32 instructions
2018-07-22 23:12:09 5892 [Note] InnoDB: Initializing buffer pool, size = 128.0M
2018-07-22 23:12:09 5892 [Note] InnoDB: Completed initialization of buffer pool
2018-07-22 23:12:09 5892 [ERROR] InnoDB: C:\Users\Rodrigo\Documents\USBWebserver v8.6\mysql\data\ibdata1 can't be opened in read-write mode
2018-07-22 23:12:09 5892 [ERROR] InnoDB: The system tablespace must be writable!
2018-07-22 23:12:09 5892 [ERROR] Plugin 'InnoDB' init function returned error.
2018-07-22 23:12:09 5892 [ERROR] Plugin 'InnoDB' registration as a STORAGE ENGINE failed.
2018-07-22 23:12:09 5892 [ERROR] Unknown/unsupported storage engine: InnoDB
2018-07-22 23:12:09 5892 [ERROR] Aborting

2018-07-22 23:12:09 5892 [Note] Binlog end
2018-07-22 23:12:09 5892 [Note] Shutting down plugin 'partition'
2018-07-22 23:12:09 5892 [Note] Shutting down plugin 'PERFORMANCE_SCHEMA'
2018-07-22 23:12:09 5892 [Note] Shutting down plugin 'INNODB_SYS_DATAFILES'
2018-07-22 23:12:09 5892 [Note] Shutting down plugin 'INNODB_SYS_TABLESPACES'
2018-07-22 23:12:09 5892 [Note] Shutting down plugin 'INNODB_SYS_FOREIGN_COLS'
2018-07-22 23:12:09 5892 [Note] Shutting down plugin 'INNODB_SYS_FOREIGN'
2018-07-22 23:12:09 5892 [Note] Shutting down plugin 'INNODB_SYS_FIELDS'
2018-07-22 23:12:09 5892 [Note] Shutting down plugin 'INNODB_SYS_COLUMNS'
2018-07-22 23:12:09 5892 [Note] Shutting down plugin 'INNODB_SYS_INDEXES'
2018-07-22 23:12:09 5892 [Note] Shutting down plugin 'INNODB_SYS_TABLESTATS'
2018-07-22 23:12:09 5892 [Note] Shutting down plugin 'INNODB_SYS_TABLES'
2018-07-22 23:12:09 5892 [Note] Shutting down plugin 'INNODB_FT_INDEX_TABLE'
2018-07-22 23:12:09 5892 [Note] Shutting down plugin 'INNODB_FT_INDEX_CACHE'
2018-07-22 23:12:09 5892 [Note] Shutting down plugin 'INNODB_FT_CONFIG'
2018-07-22 23:12:09 5892 [Note] Shutting down plugin 'INNODB_FT_BEING_DELETED'
2018-07-22 23:12:09 5892 [Note] Shutting down plugin 'INNODB_FT_DELETED'
2018-07-22 23:12:09 5892 [Note] Shutting down plugin 'INNODB_FT_DEFAULT_STOPWORD'
2018-07-22 23:12:09 5892 [Note] Shutting down plugin 'INNODB_METRICS'
2018-07-22 23:12:09 5892 [Note] Shutting down plugin 'INNODB_BUFFER_POOL_STATS'
2018-07-22 23:12:09 5892 [Note] Shutting down plugin 'INNODB_BUFFER_PAGE_LRU'
2018-07-22 23:12:09 5892 [Note] Shutting down plugin 'INNODB_BUFFER_PAGE'
2018-07-22 23:12:09 5892 [Note] Shutting down plugin 'INNODB_CMP_PER_INDEX_RESET'
2018-07-22 23:12:09 5892 [Note] Shutting down plugin 'INNODB_CMP_PER_INDEX'
2018-07-22 23:12:09 5892 [Note] Shutting down plugin 'INNODB_CMPMEM_RESET'
2018-07-22 23:12:09 5892 [Note] Shutting down plugin 'INNODB_CMPMEM'
2018-07-22 23:12:09 5892 [Note] Shutting down plugin 'INNODB_CMP_RESET'
2018-07-22 23:12:09 5892 [Note] Shutting down plugin 'INNODB_CMP'
2018-07-22 23:12:09 5892 [Note] Shutting down plugin 'INNODB_LOCK_WAITS'
2018-07-22 23:12:09 5892 [Note] Shutting down plugin 'INNODB_LOCKS'
2018-07-22 23:12:09 5892 [Note] Shutting down plugin 'INNODB_TRX'
2018-07-22 23:12:09 5892 [Note] Shutting down plugin 'BLACKHOLE'
2018-07-22 23:12:09 5892 [Note] Shutting down plugin 'ARCHIVE'
2018-07-22 23:12:09 5892 [Note] Shutting down plugin 'MRG_MYISAM'
2018-07-22 23:12:09 5892 [Note] Shutting down plugin 'MyISAM'
2018-07-22 23:12:09 5892 [Note] Shutting down plugin 'MEMORY'
2018-07-22 23:12:09 5892 [Note] Shutting down plugin 'CSV'
2018-07-22 23:12:09 5892 [Note] Shutting down plugin 'sha256_password'
2018-07-22 23:12:09 5892 [Note] Shutting down plugin 'mysql_old_password'
2018-07-22 23:12:09 5892 [Note] Shutting down plugin 'mysql_native_password'
2018-07-22 23:12:09 5892 [Note] Shutting down plugin 'binlog'
2018-07-22 23:12:09 5892 [Note] C:\Users\Rodrigo\Documents\USBWebserver v8.6/mysql/bin/mysqld_usbwv8.exe: Shutdown complete

2018-07-22 23:12:51 492 [Note] Plugin 'FEDERATED' is disabled.
2018-07-22 23:12:51 492 [Note] InnoDB: The InnoDB memory heap is disabled
2018-07-22 23:12:51 492 [Note] InnoDB: Mutexes and rw_locks use Windows interlocked functions
2018-07-22 23:12:51 492 [Note] InnoDB: Compressed tables use zlib 1.2.3
2018-07-22 23:12:51 492 [Note] InnoDB: Not using CPU crc32 instructions
2018-07-22 23:12:51 492 [Note] InnoDB: Initializing buffer pool, size = 128.0M
2018-07-22 23:12:51 492 [Note] InnoDB: Completed initialization of buffer pool
2018-07-22 23:12:51 492 [ERROR] InnoDB: C:\Users\Rodrigo\Documents\USBWebserver v8.6\mysql\data\ibdata1 can't be opened in read-write mode
2018-07-22 23:12:51 492 [ERROR] InnoDB: The system tablespace must be writable!
2018-07-22 23:12:51 492 [ERROR] Plugin 'InnoDB' init function returned error.
2018-07-22 23:12:51 492 [ERROR] Plugin 'InnoDB' registration as a STORAGE ENGINE failed.
2018-07-22 23:12:51 492 [ERROR] Unknown/unsupported storage engine: InnoDB
2018-07-22 23:12:51 492 [ERROR] Aborting

2018-07-22 23:12:51 492 [Note] Binlog end
2018-07-22 23:12:51 492 [Note] Shutting down plugin 'partition'
2018-07-22 23:12:51 492 [Note] Shutting down plugin 'PERFORMANCE_SCHEMA'
2018-07-22 23:12:51 492 [Note] Shutting down plugin 'INNODB_SYS_DATAFILES'
2018-07-22 23:12:51 492 [Note] Shutting down plugin 'INNODB_SYS_TABLESPACES'
2018-07-22 23:12:51 492 [Note] Shutting down plugin 'INNODB_SYS_FOREIGN_COLS'
2018-07-22 23:12:51 492 [Note] Shutting down plugin 'INNODB_SYS_FOREIGN'
2018-07-22 23:12:51 492 [Note] Shutting down plugin 'INNODB_SYS_FIELDS'
2018-07-22 23:12:51 492 [Note] Shutting down plugin 'INNODB_SYS_COLUMNS'
2018-07-22 23:12:51 492 [Note] Shutting down plugin 'INNODB_SYS_INDEXES'
2018-07-22 23:12:51 492 [Note] Shutting down plugin 'INNODB_SYS_TABLESTATS'
2018-07-22 23:12:51 492 [Note] Shutting down plugin 'INNODB_SYS_TABLES'
2018-07-22 23:12:51 492 [Note] Shutting down plugin 'INNODB_FT_INDEX_TABLE'
2018-07-22 23:12:51 492 [Note] Shutting down plugin 'INNODB_FT_INDEX_CACHE'
2018-07-22 23:12:51 492 [Note] Shutting down plugin 'INNODB_FT_CONFIG'
2018-07-22 23:12:51 492 [Note] Shutting down plugin 'INNODB_FT_BEING_DELETED'
2018-07-22 23:12:51 492 [Note] Shutting down plugin 'INNODB_FT_DELETED'
2018-07-22 23:12:51 492 [Note] Shutting down plugin 'INNODB_FT_DEFAULT_STOPWORD'
2018-07-22 23:12:51 492 [Note] Shutting down plugin 'INNODB_METRICS'
2018-07-22 23:12:51 492 [Note] Shutting down plugin 'INNODB_BUFFER_POOL_STATS'
2018-07-22 23:12:51 492 [Note] Shutting down plugin 'INNODB_BUFFER_PAGE_LRU'
2018-07-22 23:12:51 492 [Note] Shutting down plugin 'INNODB_BUFFER_PAGE'
2018-07-22 23:12:51 492 [Note] Shutting down plugin 'INNODB_CMP_PER_INDEX_RESET'
2018-07-22 23:12:51 492 [Note] Shutting down plugin 'INNODB_CMP_PER_INDEX'
2018-07-22 23:12:51 492 [Note] Shutting down plugin 'INNODB_CMPMEM_RESET'
2018-07-22 23:12:51 492 [Note] Shutting down plugin 'INNODB_CMPMEM'
2018-07-22 23:12:51 492 [Note] Shutting down plugin 'INNODB_CMP_RESET'
2018-07-22 23:12:51 492 [Note] Shutting down plugin 'INNODB_CMP'
2018-07-22 23:12:51 492 [Note] Shutting down plugin 'INNODB_LOCK_WAITS'
2018-07-22 23:12:51 492 [Note] Shutting down plugin 'INNODB_LOCKS'
2018-07-22 23:12:51 492 [Note] Shutting down plugin 'INNODB_TRX'
2018-07-22 23:12:51 492 [Note] Shutting down plugin 'BLACKHOLE'
2018-07-22 23:12:51 492 [Note] Shutting down plugin 'ARCHIVE'
2018-07-22 23:12:51 492 [Note] Shutting down plugin 'MRG_MYISAM'
2018-07-22 23:12:51 492 [Note] Shutting down plugin 'MyISAM'
2018-07-22 23:12:51 492 [Note] Shutting down plugin 'MEMORY'
2018-07-22 23:12:51 492 [Note] Shutting down plugin 'CSV'
2018-07-22 23:12:51 492 [Note] Shutting down plugin 'sha256_password'
2018-07-22 23:12:51 492 [Note] Shutting down plugin 'mysql_old_password'
2018-07-22 23:12:51 492 [Note] Shutting down plugin 'mysql_native_password'
2018-07-22 23:12:51 492 [Note] Shutting down plugin 'binlog'
2018-07-22 23:12:51 492 [Note] C:\Users\Rodrigo\Documents\USBWebserver v8.6/mysql/bin/mysqld_usbwv8.exe: Shutdown complete

2018-07-22 23:16:51 6576 [Note] Plugin 'FEDERATED' is disabled.
2018-07-22 23:16:51 6576 [Note] InnoDB: The InnoDB memory heap is disabled
2018-07-22 23:16:51 6576 [Note] InnoDB: Mutexes and rw_locks use Windows interlocked functions
2018-07-22 23:16:51 6576 [Note] InnoDB: Compressed tables use zlib 1.2.3
2018-07-22 23:16:51 6576 [Note] InnoDB: Not using CPU crc32 instructions
2018-07-22 23:16:51 6576 [Note] InnoDB: Initializing buffer pool, size = 128.0M
2018-07-22 23:16:51 6576 [Note] InnoDB: Completed initialization of buffer pool
2018-07-22 23:16:51 6576 [ERROR] InnoDB: C:\Users\Rodrigo\Documents\USBWebserver v8.6\mysql\data\ibdata1 can't be opened in read-write mode
2018-07-22 23:16:51 6576 [ERROR] InnoDB: The system tablespace must be writable!
2018-07-22 23:16:51 6576 [ERROR] Plugin 'InnoDB' init function returned error.
2018-07-22 23:16:51 6576 [ERROR] Plugin 'InnoDB' registration as a STORAGE ENGINE failed.
2018-07-22 23:16:51 6576 [ERROR] Unknown/unsupported storage engine: InnoDB
2018-07-22 23:16:51 6576 [ERROR] Aborting

2018-07-22 23:16:51 6576 [Note] Binlog end
2018-07-22 23:16:51 6576 [Note] Shutting down plugin 'partition'
2018-07-22 23:16:51 6576 [Note] Shutting down plugin 'PERFORMANCE_SCHEMA'
2018-07-22 23:16:51 6576 [Note] Shutting down plugin 'INNODB_SYS_DATAFILES'
2018-07-22 23:16:51 6576 [Note] Shutting down plugin 'INNODB_SYS_TABLESPACES'
2018-07-22 23:16:51 6576 [Note] Shutting down plugin 'INNODB_SYS_FOREIGN_COLS'
2018-07-22 23:16:51 6576 [Note] Shutting down plugin 'INNODB_SYS_FOREIGN'
2018-07-22 23:16:51 6576 [Note] Shutting down plugin 'INNODB_SYS_FIELDS'
2018-07-22 23:16:51 6576 [Note] Shutting down plugin 'INNODB_SYS_COLUMNS'
2018-07-22 23:16:51 6576 [Note] Shutting down plugin 'INNODB_SYS_INDEXES'
2018-07-22 23:16:51 6576 [Note] Shutting down plugin 'INNODB_SYS_TABLESTATS'
2018-07-22 23:16:51 6576 [Note] Shutting down plugin 'INNODB_SYS_TABLES'
2018-07-22 23:16:51 6576 [Note] Shutting down plugin 'INNODB_FT_INDEX_TABLE'
2018-07-22 23:16:51 6576 [Note] Shutting down plugin 'INNODB_FT_INDEX_CACHE'
2018-07-22 23:16:51 6576 [Note] Shutting down plugin 'INNODB_FT_CONFIG'
2018-07-22 23:16:51 6576 [Note] Shutting down plugin 'INNODB_FT_BEING_DELETED'
2018-07-22 23:16:51 6576 [Note] Shutting down plugin 'INNODB_FT_DELETED'
2018-07-22 23:16:51 6576 [Note] Shutting down plugin 'INNODB_FT_DEFAULT_STOPWORD'
2018-07-22 23:16:51 6576 [Note] Shutting down plugin 'INNODB_METRICS'
2018-07-22 23:16:51 6576 [Note] Shutting down plugin 'INNODB_BUFFER_POOL_STATS'
2018-07-22 23:16:51 6576 [Note] Shutting down plugin 'INNODB_BUFFER_PAGE_LRU'
2018-07-22 23:16:51 6576 [Note] Shutting down plugin 'INNODB_BUFFER_PAGE'
2018-07-22 23:16:51 6576 [Note] Shutting down plugin 'INNODB_CMP_PER_INDEX_RESET'
2018-07-22 23:16:51 6576 [Note] Shutting down plugin 'INNODB_CMP_PER_INDEX'
2018-07-22 23:16:51 6576 [Note] Shutting down plugin 'INNODB_CMPMEM_RESET'
2018-07-22 23:16:51 6576 [Note] Shutting down plugin 'INNODB_CMPMEM'
2018-07-22 23:16:51 6576 [Note] Shutting down plugin 'INNODB_CMP_RESET'
2018-07-22 23:16:51 6576 [Note] Shutting down plugin 'INNODB_CMP'
2018-07-22 23:16:51 6576 [Note] Shutting down plugin 'INNODB_LOCK_WAITS'
2018-07-22 23:16:51 6576 [Note] Shutting down plugin 'INNODB_LOCKS'
2018-07-22 23:16:51 6576 [Note] Shutting down plugin 'INNODB_TRX'
2018-07-22 23:16:51 6576 [Note] Shutting down plugin 'BLACKHOLE'
2018-07-22 23:16:51 6576 [Note] Shutting down plugin 'ARCHIVE'
2018-07-22 23:16:51 6576 [Note] Shutting down plugin 'MRG_MYISAM'
2018-07-22 23:16:51 6576 [Note] Shutting down plugin 'MyISAM'
2018-07-22 23:16:51 6576 [Note] Shutting down plugin 'MEMORY'
2018-07-22 23:16:51 6576 [Note] Shutting down plugin 'CSV'
2018-07-22 23:16:51 6576 [Note] Shutting down plugin 'sha256_password'
2018-07-22 23:16:51 6576 [Note] Shutting down plugin 'mysql_old_password'
2018-07-22 23:16:51 6576 [Note] Shutting down plugin 'mysql_native_password'
2018-07-22 23:16:51 6576 [Note] Shutting down plugin 'binlog'
2018-07-22 23:16:51 6576 [Note] C:\Users\Rodrigo\Documents\USBWebserver v8.6/mysql/bin/mysqld_usbwv8.exe: Shutdown complete

2018-07-22 23:17:21 4008 [Note] Plugin 'FEDERATED' is disabled.
2018-07-22 23:17:21 4008 [Note] InnoDB: The InnoDB memory heap is disabled
2018-07-22 23:17:21 4008 [Note] InnoDB: Mutexes and rw_locks use Windows interlocked functions
2018-07-22 23:17:21 4008 [Note] InnoDB: Compressed tables use zlib 1.2.3
2018-07-22 23:17:21 4008 [Note] InnoDB: Not using CPU crc32 instructions
2018-07-22 23:17:21 4008 [Note] InnoDB: Initializing buffer pool, size = 128.0M
2018-07-22 23:17:21 4008 [Note] InnoDB: Completed initialization of buffer pool
2018-07-22 23:17:21 4008 [Note] InnoDB: Highest supported file format is Barracuda.
2018-07-22 23:17:21 4008 [Note] InnoDB: The log sequence numbers 1626134 and 1626134 in ibdata files do not match the log sequence number 1633002 in the ib_logfiles!
2018-07-22 23:17:21 4008 [Note] InnoDB: Database was not shutdown normally!
2018-07-22 23:17:21 4008 [Note] InnoDB: Starting crash recovery.
2018-07-22 23:17:21 4008 [Note] InnoDB: Reading tablespace information from the .ibd files...
2018-07-22 23:17:21 4008 [Note] InnoDB: Restoring possible half-written data pages 
2018-07-22 23:17:21 4008 [Note] InnoDB: from the doublewrite buffer...
2018-07-22 23:17:21 4008 [Note] InnoDB: 128 rollback segment(s) are active.
2018-07-22 23:17:21 4008 [Note] InnoDB: Waiting for purge to start
2018-07-22 23:17:21 4008 [Note] InnoDB: 5.6.13 started; log sequence number 1633002
2018-07-22 23:17:21 4008 [Note] Server hostname (bind-address): '*'; port: 3307
2018-07-22 23:17:21 4008 [Note] IPv6 is available.
2018-07-22 23:17:21 4008 [Note]   - '::' resolves to '::';
2018-07-22 23:17:21 4008 [Note] Server socket created on IP: '::'.
2018-07-23 20:12:19 2508 [Note] Plugin 'FEDERATED' is disabled.
2018-07-23 20:12:19 2508 [Note] InnoDB: The InnoDB memory heap is disabled
2018-07-23 20:12:19 2508 [Note] InnoDB: Mutexes and rw_locks use Windows interlocked functions
2018-07-23 20:12:19 2508 [Note] InnoDB: Compressed tables use zlib 1.2.3
2018-07-23 20:12:19 2508 [Note] InnoDB: Not using CPU crc32 instructions
2018-07-23 20:12:19 2508 [Note] InnoDB: Initializing buffer pool, size = 128.0M
2018-07-23 20:12:19 2508 [Note] InnoDB: Completed initialization of buffer pool
2018-07-23 20:12:20 2508 [Note] InnoDB: Highest supported file format is Barracuda.
2018-07-23 20:12:20 2508 [Note] InnoDB: The log sequence numbers 1626134 and 1626134 in ibdata files do not match the log sequence number 1633012 in the ib_logfiles!
2018-07-23 20:12:20 2508 [Note] InnoDB: Database was not shutdown normally!
2018-07-23 20:12:20 2508 [Note] InnoDB: Starting crash recovery.
2018-07-23 20:12:20 2508 [Note] InnoDB: Reading tablespace information from the .ibd files...
2018-07-23 20:12:20 2508 [Note] InnoDB: Restoring possible half-written data pages 
2018-07-23 20:12:20 2508 [Note] InnoDB: from the doublewrite buffer...
2018-07-23 20:12:20 2508 [Note] InnoDB: 128 rollback segment(s) are active.
2018-07-23 20:12:20 2508 [Note] InnoDB: Waiting for purge to start
2018-07-23 20:12:20 2508 [Note] InnoDB: 5.6.13 started; log sequence number 1633012
2018-07-23 20:12:20 2508 [Note] Server hostname (bind-address): '*'; port: 3307
2018-07-23 20:12:20 2508 [Note] IPv6 is available.
2018-07-23 20:12:20 2508 [Note]   - '::' resolves to '::';
2018-07-23 20:12:20 2508 [Note] Server socket created on IP: '::'.
2018-07-23 20:13:35 5520 [Note] Plugin 'FEDERATED' is disabled.
2018-07-23 20:13:35 5520 [Note] InnoDB: The InnoDB memory heap is disabled
2018-07-23 20:13:35 5520 [Note] InnoDB: Mutexes and rw_locks use Windows interlocked functions
2018-07-23 20:13:36 5520 [Note] InnoDB: Compressed tables use zlib 1.2.3
2018-07-23 20:13:36 5520 [Note] InnoDB: Not using CPU crc32 instructions
2018-07-23 20:13:36 5520 [Note] InnoDB: Initializing buffer pool, size = 128.0M
2018-07-23 20:13:36 5520 [Note] InnoDB: Completed initialization of buffer pool
2018-07-23 20:13:36 5520 [ERROR] InnoDB: C:\Users\Rodrigo\Documents\USBWebserver v8.6\mysql\data\ibdata1 can't be opened in read-write mode
2018-07-23 20:13:36 5520 [ERROR] InnoDB: The system tablespace must be writable!
2018-07-23 20:13:36 5520 [ERROR] Plugin 'InnoDB' init function returned error.
2018-07-23 20:13:36 5520 [ERROR] Plugin 'InnoDB' registration as a STORAGE ENGINE failed.
2018-07-23 20:13:36 5520 [ERROR] Unknown/unsupported storage engine: InnoDB
2018-07-23 20:13:36 5520 [ERROR] Aborting

2018-07-23 20:13:36 5520 [Note] Binlog end
2018-07-23 20:13:36 5520 [Note] Shutting down plugin 'partition'
2018-07-23 20:13:36 5520 [Note] Shutting down plugin 'PERFORMANCE_SCHEMA'
2018-07-23 20:13:36 5520 [Note] Shutting down plugin 'INNODB_SYS_DATAFILES'
2018-07-23 20:13:36 5520 [Note] Shutting down plugin 'INNODB_SYS_TABLESPACES'
2018-07-23 20:13:36 5520 [Note] Shutting down plugin 'INNODB_SYS_FOREIGN_COLS'
2018-07-23 20:13:36 5520 [Note] Shutting down plugin 'INNODB_SYS_FOREIGN'
2018-07-23 20:13:36 5520 [Note] Shutting down plugin 'INNODB_SYS_FIELDS'
2018-07-23 20:13:36 5520 [Note] Shutting down plugin 'INNODB_SYS_COLUMNS'
2018-07-23 20:13:36 5520 [Note] Shutting down plugin 'INNODB_SYS_INDEXES'
2018-07-23 20:13:36 5520 [Note] Shutting down plugin 'INNODB_SYS_TABLESTATS'
2018-07-23 20:13:36 5520 [Note] Shutting down plugin 'INNODB_SYS_TABLES'
2018-07-23 20:13:36 5520 [Note] Shutting down plugin 'INNODB_FT_INDEX_TABLE'
2018-07-23 20:13:36 5520 [Note] Shutting down plugin 'INNODB_FT_INDEX_CACHE'
2018-07-23 20:13:36 5520 [Note] Shutting down plugin 'INNODB_FT_CONFIG'
2018-07-23 20:13:36 5520 [Note] Shutting down plugin 'INNODB_FT_BEING_DELETED'
2018-07-23 20:13:36 5520 [Note] Shutting down plugin 'INNODB_FT_DELETED'
2018-07-23 20:13:36 5520 [Note] Shutting down plugin 'INNODB_FT_DEFAULT_STOPWORD'
2018-07-23 20:13:36 5520 [Note] Shutting down plugin 'INNODB_METRICS'
2018-07-23 20:13:36 5520 [Note] Shutting down plugin 'INNODB_BUFFER_POOL_STATS'
2018-07-23 20:13:36 5520 [Note] Shutting down plugin 'INNODB_BUFFER_PAGE_LRU'
2018-07-23 20:13:36 5520 [Note] Shutting down plugin 'INNODB_BUFFER_PAGE'
2018-07-23 20:13:36 5520 [Note] Shutting down plugin 'INNODB_CMP_PER_INDEX_RESET'
2018-07-23 20:13:36 5520 [Note] Shutting down plugin 'INNODB_CMP_PER_INDEX'
2018-07-23 20:13:36 5520 [Note] Shutting down plugin 'INNODB_CMPMEM_RESET'
2018-07-23 20:13:36 5520 [Note] Shutting down plugin 'INNODB_CMPMEM'
2018-07-23 20:13:36 5520 [Note] Shutting down plugin 'INNODB_CMP_RESET'
2018-07-23 20:13:36 5520 [Note] Shutting down plugin 'INNODB_CMP'
2018-07-23 20:13:36 5520 [Note] Shutting down plugin 'INNODB_LOCK_WAITS'
2018-07-23 20:13:36 5520 [Note] Shutting down plugin 'INNODB_LOCKS'
2018-07-23 20:13:36 5520 [Note] Shutting down plugin 'INNODB_TRX'
2018-07-23 20:13:36 5520 [Note] Shutting down plugin 'BLACKHOLE'
2018-07-23 20:13:36 5520 [Note] Shutting down plugin 'ARCHIVE'
2018-07-23 20:13:36 5520 [Note] Shutting down plugin 'MRG_MYISAM'
2018-07-23 20:13:36 5520 [Note] Shutting down plugin 'MyISAM'
2018-07-23 20:13:36 5520 [Note] Shutting down plugin 'MEMORY'
2018-07-23 20:13:36 5520 [Note] Shutting down plugin 'CSV'
2018-07-23 20:13:36 5520 [Note] Shutting down plugin 'sha256_password'
2018-07-23 20:13:36 5520 [Note] Shutting down plugin 'mysql_old_password'
2018-07-23 20:13:36 5520 [Note] Shutting down plugin 'mysql_native_password'
2018-07-23 20:13:36 5520 [Note] Shutting down plugin 'binlog'
2018-07-23 20:13:36 5520 [Note] C:\Users\Rodrigo\Documents\USBWebserver v8.6/mysql/bin/mysqld_usbwv8.exe: Shutdown complete

2018-07-23 20:38:37 8040 [Note] Plugin 'FEDERATED' is disabled.
2018-07-23 20:38:37 8040 [Note] InnoDB: The InnoDB memory heap is disabled
2018-07-23 20:38:37 8040 [Note] InnoDB: Mutexes and rw_locks use Windows interlocked functions
2018-07-23 20:38:37 8040 [Note] InnoDB: Compressed tables use zlib 1.2.3
2018-07-23 20:38:37 8040 [Note] InnoDB: Not using CPU crc32 instructions
2018-07-23 20:38:37 8040 [Note] InnoDB: Initializing buffer pool, size = 128.0M
2018-07-23 20:38:37 8040 [Note] InnoDB: Completed initialization of buffer pool
2018-07-23 20:38:37 8040 [Note] InnoDB: Highest supported file format is Barracuda.
2018-07-23 20:38:37 8040 [Note] InnoDB: The log sequence numbers 1626134 and 1626134 in ibdata files do not match the log sequence number 1633022 in the ib_logfiles!
2018-07-23 20:38:37 8040 [Note] InnoDB: Database was not shutdown normally!
2018-07-23 20:38:37 8040 [Note] InnoDB: Starting crash recovery.
2018-07-23 20:38:37 8040 [Note] InnoDB: Reading tablespace information from the .ibd files...
2018-07-23 20:38:37 8040 [Note] InnoDB: Restoring possible half-written data pages 
2018-07-23 20:38:37 8040 [Note] InnoDB: from the doublewrite buffer...
2018-07-23 20:38:37 8040 [Note] InnoDB: 128 rollback segment(s) are active.
2018-07-23 20:38:37 8040 [Note] InnoDB: Waiting for purge to start
2018-07-23 20:38:38 8040 [Note] InnoDB: 5.6.13 started; log sequence number 1633022
2018-07-23 20:38:38 8040 [Note] Server hostname (bind-address): '*'; port: 3307
2018-07-23 20:38:38 8040 [Note] IPv6 is available.
2018-07-23 20:38:38 8040 [Note]   - '::' resolves to '::';
2018-07-23 20:38:38 8040 [Note] Server socket created on IP: '::'.
2018-07-24 20:23:13 9064 [Note] Plugin 'FEDERATED' is disabled.
2018-07-24 20:23:13 9064 [Note] InnoDB: The InnoDB memory heap is disabled
2018-07-24 20:23:13 9064 [Note] InnoDB: Mutexes and rw_locks use Windows interlocked functions
2018-07-24 20:23:13 9064 [Note] InnoDB: Compressed tables use zlib 1.2.3
2018-07-24 20:23:13 9064 [Note] InnoDB: Not using CPU crc32 instructions
2018-07-24 20:23:13 9064 [Note] InnoDB: Initializing buffer pool, size = 128.0M
2018-07-24 20:23:13 9064 [Note] InnoDB: Completed initialization of buffer pool
2018-07-24 20:23:13 9064 [Note] InnoDB: Highest supported file format is Barracuda.
2018-07-24 20:23:13 9064 [Note] InnoDB: The log sequence numbers 1626134 and 1626134 in ibdata files do not match the log sequence number 1633146 in the ib_logfiles!
2018-07-24 20:23:13 9064 [Note] InnoDB: Database was not shutdown normally!
2018-07-24 20:23:13 9064 [Note] InnoDB: Starting crash recovery.
2018-07-24 20:23:13 9064 [Note] InnoDB: Reading tablespace information from the .ibd files...
2018-07-24 20:23:13 9064 [Note] InnoDB: Restoring possible half-written data pages 
2018-07-24 20:23:13 9064 [Note] InnoDB: from the doublewrite buffer...
2018-07-24 20:23:13 9064 [Note] InnoDB: 128 rollback segment(s) are active.
2018-07-24 20:23:13 9064 [Note] InnoDB: Waiting for purge to start
2018-07-24 20:23:13 9064 [Note] InnoDB: 5.6.13 started; log sequence number 1633146
2018-07-24 20:23:13 9064 [Note] Server hostname (bind-address): '*'; port: 3307
2018-07-24 20:23:13 9064 [Note] IPv6 is available.
2018-07-24 20:23:13 9064 [Note]   - '::' resolves to '::';
2018-07-24 20:23:13 9064 [Note] Server socket created on IP: '::'.
2018-07-24 20:23:14 9064 [Note] Event Scheduler: Loaded 0 events
2018-07-24 20:23:14 9064 [Note] C:\Users\Rodrigo\Documents\USBWebserver v8.6/mysql/bin/mysqld_usbwv8.exe: ready for connections.
Version: '5.6.13'  socket: ''  port: 3307  MySQL Community Server (GPL)
2018-07-24 20:29:12 6200 [Note] Plugin 'FEDERATED' is disabled.
2018-07-24 20:29:12 6200 [Note] InnoDB: The InnoDB memory heap is disabled
2018-07-24 20:29:12 6200 [Note] InnoDB: Mutexes and rw_locks use Windows interlocked functions
2018-07-24 20:29:12 6200 [Note] InnoDB: Compressed tables use zlib 1.2.3
2018-07-24 20:29:12 6200 [Note] InnoDB: Not using CPU crc32 instructions
2018-07-24 20:29:12 6200 [Note] InnoDB: Initializing buffer pool, size = 128.0M
2018-07-24 20:29:12 6200 [Note] InnoDB: Completed initialization of buffer pool
2018-07-24 20:29:12 6200 [Note] InnoDB: Highest supported file format is Barracuda.
2018-07-24 20:29:12 6200 [Note] InnoDB: The log sequence numbers 1626134 and 1626134 in ibdata files do not match the log sequence number 1633156 in the ib_logfiles!
2018-07-24 20:29:12 6200 [Note] InnoDB: Database was not shutdown normally!
2018-07-24 20:29:12 6200 [Note] InnoDB: Starting crash recovery.
2018-07-24 20:29:12 6200 [Note] InnoDB: Reading tablespace information from the .ibd files...
2018-07-24 20:29:12 6200 [Note] InnoDB: Restoring possible half-written data pages 
2018-07-24 20:29:12 6200 [Note] InnoDB: from the doublewrite buffer...
2018-07-24 20:29:12 6200 [Note] InnoDB: 128 rollback segment(s) are active.
2018-07-24 20:29:12 6200 [Note] InnoDB: Waiting for purge to start
2018-07-24 20:29:12 6200 [Note] InnoDB: 5.6.13 started; log sequence number 1633156
2018-07-24 20:29:12 6200 [Note] Server hostname (bind-address): '*'; port: 3307
2018-07-24 20:29:12 6200 [Note] IPv6 is available.
2018-07-24 20:29:12 6200 [Note]   - '::' resolves to '::';
2018-07-24 20:29:12 6200 [Note] Server socket created on IP: '::'.
2018-07-24 20:29:36 11340 [Note] Plugin 'FEDERATED' is disabled.
2018-07-24 20:29:36 11340 [Note] InnoDB: The InnoDB memory heap is disabled
2018-07-24 20:29:36 11340 [Note] InnoDB: Mutexes and rw_locks use Windows interlocked functions
2018-07-24 20:29:36 11340 [Note] InnoDB: Compressed tables use zlib 1.2.3
2018-07-24 20:29:36 11340 [Note] InnoDB: Not using CPU crc32 instructions
2018-07-24 20:29:36 11340 [Note] InnoDB: Initializing buffer pool, size = 128.0M
2018-07-24 20:29:36 11340 [Note] InnoDB: Completed initialization of buffer pool
2018-07-24 20:29:36 11340 [Note] InnoDB: Highest supported file format is Barracuda.
2018-07-24 20:29:36 11340 [Note] InnoDB: The log sequence numbers 1626134 and 1626134 in ibdata files do not match the log sequence number 1633166 in the ib_logfiles!
2018-07-24 20:29:36 11340 [Note] InnoDB: Database was not shutdown normally!
2018-07-24 20:29:36 11340 [Note] InnoDB: Starting crash recovery.
2018-07-24 20:29:36 11340 [Note] InnoDB: Reading tablespace information from the .ibd files...
2018-07-24 20:29:36 11340 [Note] InnoDB: Restoring possible half-written data pages 
2018-07-24 20:29:36 11340 [Note] InnoDB: from the doublewrite buffer...
2018-07-24 20:29:36 11340 [Note] InnoDB: 128 rollback segment(s) are active.
2018-07-24 20:29:36 11340 [Note] InnoDB: Waiting for purge to start
2018-07-24 20:29:36 11340 [Note] InnoDB: 5.6.13 started; log sequence number 1633166
2018-07-24 20:29:36 11340 [Note] Server hostname (bind-address): '*'; port: 3307
2018-07-24 20:29:36 11340 [Note] IPv6 is available.
2018-07-24 20:29:36 11340 [Note]   - '::' resolves to '::';
2018-07-24 20:29:36 11340 [Note] Server socket created on IP: '::'.
2018-07-26 13:11:04 580 [Note] Plugin 'FEDERATED' is disabled.
2018-07-26 13:11:04 580 [Note] InnoDB: The InnoDB memory heap is disabled
2018-07-26 13:11:04 580 [Note] InnoDB: Mutexes and rw_locks use Windows interlocked functions
2018-07-26 13:11:04 580 [Note] InnoDB: Compressed tables use zlib 1.2.3
2018-07-26 13:11:04 580 [Note] InnoDB: Not using CPU crc32 instructions
2018-07-26 13:11:04 580 [Note] InnoDB: Initializing buffer pool, size = 128.0M
2018-07-26 13:11:04 580 [Note] InnoDB: Completed initialization of buffer pool
2018-07-26 13:11:04 580 [Note] InnoDB: Highest supported file format is Barracuda.
2018-07-26 13:11:04 580 [Note] InnoDB: The log sequence numbers 1626134 and 1626134 in ibdata files do not match the log sequence number 1633176 in the ib_logfiles!
2018-07-26 13:11:04 580 [Note] InnoDB: Database was not shutdown normally!
2018-07-26 13:11:04 580 [Note] InnoDB: Starting crash recovery.
2018-07-26 13:11:04 580 [Note] InnoDB: Reading tablespace information from the .ibd files...
2018-07-26 13:11:04 580 [Note] InnoDB: Restoring possible half-written data pages 
2018-07-26 13:11:04 580 [Note] InnoDB: from the doublewrite buffer...
2018-07-26 13:11:04 580 [Note] InnoDB: 128 rollback segment(s) are active.
2018-07-26 13:11:04 580 [Note] InnoDB: Waiting for purge to start
2018-07-26 13:11:04 580 [Note] InnoDB: 5.6.13 started; log sequence number 1633176
2018-07-26 13:11:04 580 [Note] Server hostname (bind-address): '*'; port: 3307
2018-07-26 13:11:04 580 [Note] IPv6 is available.
2018-07-26 13:11:04 580 [Note]   - '::' resolves to '::';
2018-07-26 13:11:04 580 [Note] Server socket created on IP: '::'.
2018-07-27 21:49:17 9924 [Note] Plugin 'FEDERATED' is disabled.
2018-07-27 21:49:17 9924 [Note] InnoDB: The InnoDB memory heap is disabled
2018-07-27 21:49:17 9924 [Note] InnoDB: Mutexes and rw_locks use Windows interlocked functions
2018-07-27 21:49:17 9924 [Note] InnoDB: Compressed tables use zlib 1.2.3
2018-07-27 21:49:17 9924 [Note] InnoDB: Not using CPU crc32 instructions
2018-07-27 21:49:17 9924 [Note] InnoDB: Initializing buffer pool, size = 128.0M
2018-07-27 21:49:17 9924 [Note] InnoDB: Completed initialization of buffer pool
2018-07-27 21:49:18 9924 [Note] InnoDB: Highest supported file format is Barracuda.
2018-07-27 21:49:18 9924 [Note] InnoDB: The log sequence numbers 1626134 and 1626134 in ibdata files do not match the log sequence number 1683526 in the ib_logfiles!
2018-07-27 21:49:18 9924 [Note] InnoDB: Database was not shutdown normally!
2018-07-27 21:49:18 9924 [Note] InnoDB: Starting crash recovery.
2018-07-27 21:49:18 9924 [Note] InnoDB: Reading tablespace information from the .ibd files...
2018-07-27 21:49:18 9924 [Note] InnoDB: Restoring possible half-written data pages 
2018-07-27 21:49:18 9924 [Note] InnoDB: from the doublewrite buffer...
2018-07-27 21:49:18 9924 [Note] InnoDB: 128 rollback segment(s) are active.
2018-07-27 21:49:18 9924 [Note] InnoDB: Waiting for purge to start
2018-07-27 21:49:18 9924 [Note] InnoDB: 5.6.13 started; log sequence number 1683526
2018-07-27 21:49:18 9924 [Note] Server hostname (bind-address): '*'; port: 3307
2018-07-27 21:49:18 9924 [Note] IPv6 is available.
2018-07-27 21:49:18 9924 [Note]   - '::' resolves to '::';
2018-07-27 21:49:18 9924 [Note] Server socket created on IP: '::'.
2018-07-28 21:59:00 2440 [Note] Plugin 'FEDERATED' is disabled.
2018-07-28 21:59:00 2440 [Note] InnoDB: The InnoDB memory heap is disabled
2018-07-28 21:59:00 2440 [Note] InnoDB: Mutexes and rw_locks use Windows interlocked functions
2018-07-28 21:59:00 2440 [Note] InnoDB: Compressed tables use zlib 1.2.3
2018-07-28 21:59:00 2440 [Note] InnoDB: Not using CPU crc32 instructions
2018-07-28 21:59:00 2440 [Note] InnoDB: Initializing buffer pool, size = 128.0M
2018-07-28 21:59:00 2440 [Note] InnoDB: Completed initialization of buffer pool
2018-07-28 21:59:00 2440 [Note] InnoDB: Highest supported file format is Barracuda.
2018-07-28 21:59:00 2440 [Note] InnoDB: The log sequence numbers 1626134 and 1626134 in ibdata files do not match the log sequence number 1830951 in the ib_logfiles!
2018-07-28 21:59:00 2440 [Note] InnoDB: Database was not shutdown normally!
2018-07-28 21:59:00 2440 [Note] InnoDB: Starting crash recovery.
2018-07-28 21:59:00 2440 [Note] InnoDB: Reading tablespace information from the .ibd files...
2018-07-28 21:59:00 2440 [Note] InnoDB: Restoring possible half-written data pages 
2018-07-28 21:59:00 2440 [Note] InnoDB: from the doublewrite buffer...
2018-07-28 21:59:01 2440 [Note] InnoDB: 128 rollback segment(s) are active.
2018-07-28 21:59:01 2440 [Note] InnoDB: Waiting for purge to start
2018-07-28 21:59:01 2440 [Note] InnoDB: 5.6.13 started; log sequence number 1830951
2018-07-28 21:59:01 2440 [Note] Server hostname (bind-address): '*'; port: 3307
2018-07-28 21:59:01 2440 [Note] IPv6 is available.
2018-07-28 21:59:01 2440 [Note]   - '::' resolves to '::';
2018-07-28 21:59:01 2440 [Note] Server socket created on IP: '::'.
2018-08-08 23:00:00 5844 [Note] Plugin 'FEDERATED' is disabled.
2018-08-08 23:00:00 5844 [Note] InnoDB: The InnoDB memory heap is disabled
2018-08-08 23:00:00 5844 [Note] InnoDB: Mutexes and rw_locks use Windows interlocked functions
2018-08-08 23:00:00 5844 [Note] InnoDB: Compressed tables use zlib 1.2.3
2018-08-08 23:00:00 5844 [Note] InnoDB: Not using CPU crc32 instructions
2018-08-08 23:00:00 5844 [Note] InnoDB: Initializing buffer pool, size = 128.0M
2018-08-08 23:00:00 5844 [Note] InnoDB: Completed initialization of buffer pool
2018-08-08 23:00:00 5844 [Note] InnoDB: Highest supported file format is Barracuda.
2018-08-08 23:00:00 5844 [Note] InnoDB: The log sequence numbers 1626134 and 1626134 in ibdata files do not match the log sequence number 1839461 in the ib_logfiles!
2018-08-08 23:00:00 5844 [Note] InnoDB: Database was not shutdown normally!
2018-08-08 23:00:00 5844 [Note] InnoDB: Starting crash recovery.
2018-08-08 23:00:00 5844 [Note] InnoDB: Reading tablespace information from the .ibd files...
2018-08-08 23:00:00 5844 [Note] InnoDB: Restoring possible half-written data pages 
2018-08-08 23:00:00 5844 [Note] InnoDB: from the doublewrite buffer...
2018-08-08 23:00:01 5844 [Note] InnoDB: 128 rollback segment(s) are active.
2018-08-08 23:00:01 5844 [Note] InnoDB: Waiting for purge to start
2018-08-08 23:00:01 5844 [Note] InnoDB: 5.6.13 started; log sequence number 1839461
2018-08-08 23:00:01 5844 [Note] Server hostname (bind-address): '*'; port: 3307
2018-08-08 23:00:01 5844 [Note] IPv6 is available.
2018-08-08 23:00:01 5844 [Note]   - '::' resolves to '::';
2018-08-08 23:00:01 5844 [Note] Server socket created on IP: '::'.
2018-08-20 20:23:30 216 [Note] Plugin 'FEDERATED' is disabled.
2018-08-20 20:23:30 216 [Note] InnoDB: The InnoDB memory heap is disabled
2018-08-20 20:23:30 216 [Note] InnoDB: Mutexes and rw_locks use Windows interlocked functions
2018-08-20 20:23:30 216 [Note] InnoDB: Compressed tables use zlib 1.2.3
2018-08-20 20:23:30 216 [Note] InnoDB: Not using CPU crc32 instructions
2018-08-20 20:23:30 216 [Note] InnoDB: Initializing buffer pool, size = 128.0M
2018-08-20 20:23:30 216 [Note] InnoDB: Completed initialization of buffer pool
2018-08-20 20:23:31 216 [Note] InnoDB: Highest supported file format is Barracuda.
2018-08-20 20:23:31 216 [Note] InnoDB: The log sequence numbers 1626134 and 1626134 in ibdata files do not match the log sequence number 1839511 in the ib_logfiles!
2018-08-20 20:23:31 216 [Note] InnoDB: Database was not shutdown normally!
2018-08-20 20:23:31 216 [Note] InnoDB: Starting crash recovery.
2018-08-20 20:23:31 216 [Note] InnoDB: Reading tablespace information from the .ibd files...
2018-08-20 20:23:32 216 [Note] InnoDB: Restoring possible half-written data pages 
2018-08-20 20:23:32 216 [Note] InnoDB: from the doublewrite buffer...
2018-08-20 20:23:33 216 [Note] InnoDB: 128 rollback segment(s) are active.
2018-08-20 20:23:33 216 [Note] InnoDB: Waiting for purge to start
2018-08-20 20:23:33 216 [Note] InnoDB: 5.6.13 started; log sequence number 1839511
2018-08-20 20:23:33 216 [Note] Server hostname (bind-address): '*'; port: 3307
2018-08-20 20:23:33 216 [Note] IPv6 is available.
2018-08-20 20:23:33 216 [Note]   - '::' resolves to '::';
2018-08-20 20:23:33 216 [Note] Server socket created on IP: '::'.
